2024-12-12T10:39:08.554-03:00 DEBUG 17020 --- [fidelity] [SIGINT handler] java.lang.Runtime                        : Runtime.exit() called with status: 130

java.lang.Throwable: Runtime.exit(130)
	at java.base/java.lang.Shutdown.logRuntimeExit(Shutdown.java:179) ~[na:na]
	at java.base/java.lang.Shutdown.exit(Shutdown.java:160) ~[na:na]
	at java.base/java.lang.Terminator$1.handle(Terminator.java:51) ~[na:na]
	at java.base/jdk.internal.misc.Signal$1.run(Signal.java:218) ~[na:na]
	at java.base/java.lang.Thread.run(Thread.java:1583) ~[na:na]

2024-12-12T10:39:08.557-03:00 DEBUG 17020 --- [fidelity] [SpringApplicationShutdownHook] o.s.b.a.ApplicationAvailabilityBean      : Application availability state ReadinessState changed from ACCEPTING_TRAFFIC to REFUSING_TRAFFIC
2024-12-12T10:39:08.557-03:00 DEBUG 17020 --- [fidelity] [SpringApplicationShutdownHook] ConfigServletWebServerApplicationContext : Closing org.springframework.boot.web.servlet.context.AnnotationConfigServletWebServerApplicationContext@20326980, started on Thu Dec 12 10:34:55 BRT 2024
2024-12-12T10:39:08.560-03:00 DEBUG 17020 --- [fidelity] [SpringApplicationShutdownHook] o.s.c.support.DefaultLifecycleProcessor  : Stopping beans in phase 2147482623
2024-12-12T10:39:08.562-03:00  INFO 17020 --- [fidelity] [SpringApplicationShutdownHook] o.s.b.w.e.tomcat.GracefulShutdown        : Commencing graceful shutdown. Waiting for active requests to complete
2024-12-12T10:39:08.572-03:00  INFO 17020 --- [fidelity] [tomcat-shutdown] o.s.b.w.e.tomcat.GracefulShutdown        : Graceful shutdown complete
2024-12-12T10:39:08.573-03:00 DEBUG 17020 --- [fidelity] [SpringApplicationShutdownHook] o.s.c.support.DefaultLifecycleProcessor  : Stopping beans in phase 2147481599
2024-12-12T10:39:08.573-03:00 DEBUG 17020 --- [fidelity] [tomcat-shutdown] o.s.c.support.DefaultLifecycleProcessor  : Bean 'webServerGracefulShutdown' completed its stop procedure
2024-12-12T10:39:08.575-03:00 DEBUG 17020 --- [fidelity] [SpringApplicationShutdownHook] o.s.c.support.DefaultLifecycleProcessor  : Bean 'webServerStartStop' completed its stop procedure
2024-12-12T10:39:08.575-03:00 DEBUG 17020 --- [fidelity] [SpringApplicationShutdownHook] o.s.c.support.DefaultLifecycleProcessor  : Stopping beans in phase 1073741823
2024-12-12T10:39:08.575-03:00 DEBUG 17020 --- [fidelity] [SpringApplicationShutdownHook] o.s.c.support.DefaultLifecycleProcessor  : Bean 'applicationTaskExecutor' completed its stop procedure
2024-12-12T10:39:08.575-03:00 DEBUG 17020 --- [fidelity] [SpringApplicationShutdownHook] o.s.c.support.DefaultLifecycleProcessor  : Stopping beans in phase -2147483647
2024-12-12T10:39:08.575-03:00 DEBUG 17020 --- [fidelity] [SpringApplicationShutdownHook] o.s.c.support.DefaultLifecycleProcessor  : Bean 'springBootLoggingLifecycle' completed its stop procedure
2024-12-12T10:39:08.576-03:00 DEBUG 17020 --- [fidelity] [SpringApplicationShutdownHook] o.s.s.concurrent.ThreadPoolTaskExecutor  : Shutting down ExecutorService 'applicationTaskExecutor'
2024-12-12T10:39:08.577-03:00 DEBUG 17020 --- [fidelity] [SpringApplicationShutdownHook] o.s.j.e.a.AnnotationMBeanExporter        : Unregistering JMX-exposed beans on shutdown
2024-12-12T10:39:12.027-03:00  INFO 16916 --- [fidelity] [restartedMain] b.edu.ufrn.fidelity.FidelityApplication  : Starting FidelityApplication using Java 21.0.4 with PID 16916 (C:\Users\vanes\OneDrive\Documentos\UFRN\Projetos\fidelity\build\classes\java\main started by vanes in C:\Users\vanes\OneDrive\Documentos\UFRN\Projetos\fidelity)
2024-12-12T10:39:12.031-03:00  INFO 16916 --- [fidelity] [restartedMain] b.edu.ufrn.fidelity.FidelityApplication  : No active profile set, falling back to 1 default profile: "default"
2024-12-12T10:39:12.120-03:00  INFO 16916 --- [fidelity] [restartedMain] .e.DevToolsPropertyDefaultsPostProcessor : Devtools property defaults active! Set 'spring.devtools.add-properties' to 'false' to disable
2024-12-12T10:39:12.121-03:00  INFO 16916 --- [fidelity] [restartedMain] .e.DevToolsPropertyDefaultsPostProcessor : For additional web related logging consider setting the 'logging.level.web' property to 'DEBUG'
2024-12-12T10:39:13.921-03:00  INFO 16916 --- [fidelity] [restartedMain] o.s.b.w.embedded.tomcat.TomcatWebServer  : Tomcat initialized with port 8080 (http)
2024-12-12T10:39:13.943-03:00  INFO 16916 --- [fidelity] [restartedMain] o.apache.catalina.core.StandardService   : Starting service [Tomcat]
2024-12-12T10:39:13.943-03:00  INFO 16916 --- [fidelity] [restartedMain] o.apache.catalina.core.StandardEngine    : Starting Servlet engine: [Apache Tomcat/10.1.33]
2024-12-12T10:39:14.015-03:00  INFO 16916 --- [fidelity] [restartedMain] o.a.c.c.C.[Tomcat].[localhost].[/]       : Initializing Spring embedded WebApplicationContext
2024-12-12T10:39:14.017-03:00  INFO 16916 --- [fidelity] [restartedMain] w.s.c.ServletWebServerApplicationContext : Root WebApplicationContext: initialization completed in 1893 ms
2024-12-12T10:39:14.517-03:00  INFO 16916 --- [fidelity] [restartedMain] o.s.b.d.a.OptionalLiveReloadServer       : LiveReload server is running on port 35729
2024-12-12T10:39:14.572-03:00  INFO 16916 --- [fidelity] [restartedMain] o.s.b.w.embedded.tomcat.TomcatWebServer  : Tomcat started on port 8080 (http) with context path '/'
2024-12-12T10:39:14.584-03:00  INFO 16916 --- [fidelity] [restartedMain] b.edu.ufrn.fidelity.FidelityApplication  : Started FidelityApplication in 3.306 seconds (process running for 4.37)
2024-12-12T10:39:33.241-03:00  INFO 16916 --- [fidelity] [http-nio-8080-exec-1] o.a.c.c.C.[Tomcat].[localhost].[/]       : Initializing Spring DispatcherServlet 'dispatcherServlet'
2024-12-12T10:39:33.242-03:00  INFO 16916 --- [fidelity] [http-nio-8080-exec-1] o.s.web.servlet.DispatcherServlet        : Initializing Servlet 'dispatcherServlet'
2024-12-12T10:39:33.243-03:00  INFO 16916 --- [fidelity] [http-nio-8080-exec-1] o.s.web.servlet.DispatcherServlet        : Completed initialization in 1 ms
2024-12-12T10:39:33.419-03:00  INFO 16916 --- [fidelity] [http-nio-8080-exec-1] b.e.ufrn.fidelity.service.BonusService   : O usuário de id 1 possui 0 de bônus
2024-12-12T10:42:06.321-03:00  INFO 16916 --- [fidelity] [SpringApplicationShutdownHook] o.s.b.w.e.tomcat.GracefulShutdown        : Commencing graceful shutdown. Waiting for active requests to complete
2024-12-12T10:42:06.333-03:00  INFO 16916 --- [fidelity] [tomcat-shutdown] o.s.b.w.e.tomcat.GracefulShutdown        : Graceful shutdown complete
2024-12-12T10:42:10.347-03:00  INFO 11028 --- [fidelity] [restartedMain] b.edu.ufrn.fidelity.FidelityApplication  : Starting FidelityApplication using Java 21.0.4 with PID 11028 (C:\Users\vanes\OneDrive\Documentos\UFRN\Projetos\fidelity\build\classes\java\main started by vanes in C:\Users\vanes\OneDrive\Documentos\UFRN\Projetos\fidelity)
2024-12-12T10:42:10.349-03:00  INFO 11028 --- [fidelity] [restartedMain] b.edu.ufrn.fidelity.FidelityApplication  : No active profile set, falling back to 1 default profile: "default"
2024-12-12T10:42:10.434-03:00  INFO 11028 --- [fidelity] [restartedMain] .e.DevToolsPropertyDefaultsPostProcessor : Devtools property defaults active! Set 'spring.devtools.add-properties' to 'false' to disable
2024-12-12T10:42:10.435-03:00  INFO 11028 --- [fidelity] [restartedMain] .e.DevToolsPropertyDefaultsPostProcessor : For additional web related logging consider setting the 'logging.level.web' property to 'DEBUG'
2024-12-12T10:42:11.935-03:00  INFO 11028 --- [fidelity] [restartedMain] o.s.b.w.embedded.tomcat.TomcatWebServer  : Tomcat initialized with port 8080 (http)
2024-12-12T10:42:11.958-03:00  INFO 11028 --- [fidelity] [restartedMain] o.apache.catalina.core.StandardService   : Starting service [Tomcat]
2024-12-12T10:42:11.959-03:00  INFO 11028 --- [fidelity] [restartedMain] o.apache.catalina.core.StandardEngine    : Starting Servlet engine: [Apache Tomcat/10.1.33]
2024-12-12T10:42:12.030-03:00  INFO 11028 --- [fidelity] [restartedMain] o.a.c.c.C.[Tomcat].[localhost].[/]       : Initializing Spring embedded WebApplicationContext
2024-12-12T10:42:12.030-03:00  INFO 11028 --- [fidelity] [restartedMain] w.s.c.ServletWebServerApplicationContext : Root WebApplicationContext: initialization completed in 1593 ms
2024-12-12T10:42:12.527-03:00  INFO 11028 --- [fidelity] [restartedMain] o.s.b.d.a.OptionalLiveReloadServer       : LiveReload server is running on port 35729
2024-12-12T10:42:12.581-03:00  INFO 11028 --- [fidelity] [restartedMain] o.s.b.w.embedded.tomcat.TomcatWebServer  : Tomcat started on port 8080 (http) with context path '/'
2024-12-12T10:42:12.592-03:00  INFO 11028 --- [fidelity] [restartedMain] b.edu.ufrn.fidelity.FidelityApplication  : Started FidelityApplication in 2.951 seconds (process running for 4.072)
2024-12-12T10:42:24.587-03:00  INFO 11028 --- [fidelity] [http-nio-8080-exec-1] o.a.c.c.C.[Tomcat].[localhost].[/]       : Initializing Spring DispatcherServlet 'dispatcherServlet'
2024-12-12T10:42:24.588-03:00  INFO 11028 --- [fidelity] [http-nio-8080-exec-1] o.s.web.servlet.DispatcherServlet        : Initializing Servlet 'dispatcherServlet'
2024-12-12T10:42:24.589-03:00  INFO 11028 --- [fidelity] [http-nio-8080-exec-1] o.s.web.servlet.DispatcherServlet        : Completed initialization in 1 ms
2024-12-12T10:42:24.791-03:00  INFO 11028 --- [fidelity] [http-nio-8080-exec-1] b.e.ufrn.fidelity.service.BonusService   : O usuário de id 1 possui 10.0 de bônus
2024-12-12T10:44:08.318-03:00  INFO 11028 --- [fidelity] [File Watcher] rtingClassPathChangeChangedEventListener : Restarting due to 2 class path changes (0 additions, 0 deletions, 2 modifications)
2024-12-12T10:44:08.324-03:00  INFO 11028 --- [fidelity] [Thread-5] o.s.b.w.e.tomcat.GracefulShutdown        : Commencing graceful shutdown. Waiting for active requests to complete
2024-12-12T10:44:08.336-03:00  INFO 11028 --- [fidelity] [tomcat-shutdown] o.s.b.w.e.tomcat.GracefulShutdown        : Graceful shutdown complete
2024-12-12T10:44:08.466-03:00  INFO 11028 --- [fidelity] [restartedMain] b.edu.ufrn.fidelity.FidelityApplication  : Starting FidelityApplication using Java 21.0.4 with PID 11028 (C:\Users\vanes\OneDrive\Documentos\UFRN\Projetos\fidelity\build\classes\java\main started by vanes in C:\Users\vanes\OneDrive\Documentos\UFRN\Projetos\fidelity)
2024-12-12T10:44:08.466-03:00  INFO 11028 --- [fidelity] [restartedMain] b.edu.ufrn.fidelity.FidelityApplication  : No active profile set, falling back to 1 default profile: "default"
2024-12-12T10:44:08.845-03:00  INFO 11028 --- [fidelity] [restartedMain] o.s.b.w.embedded.tomcat.TomcatWebServer  : Tomcat initialized with port 8080 (http)
2024-12-12T10:44:08.847-03:00  INFO 11028 --- [fidelity] [restartedMain] o.apache.catalina.core.StandardService   : Starting service [Tomcat]
2024-12-12T10:44:08.848-03:00  INFO 11028 --- [fidelity] [restartedMain] o.apache.catalina.core.StandardEngine    : Starting Servlet engine: [Apache Tomcat/10.1.33]
2024-12-12T10:44:08.876-03:00  INFO 11028 --- [fidelity] [restartedMain] o.a.c.c.C.[Tomcat].[localhost].[/]       : Initializing Spring embedded WebApplicationContext
2024-12-12T10:44:08.876-03:00  INFO 11028 --- [fidelity] [restartedMain] w.s.c.ServletWebServerApplicationContext : Root WebApplicationContext: initialization completed in 405 ms
2024-12-12T10:44:08.979-03:00  INFO 11028 --- [fidelity] [restartedMain] o.s.b.d.a.OptionalLiveReloadServer       : LiveReload server is running on port 35729
2024-12-12T10:44:09.000-03:00  INFO 11028 --- [fidelity] [restartedMain] o.s.b.w.embedded.tomcat.TomcatWebServer  : Tomcat started on port 8080 (http) with context path '/'
2024-12-12T10:44:09.005-03:00  INFO 11028 --- [fidelity] [restartedMain] b.edu.ufrn.fidelity.FidelityApplication  : Started FidelityApplication in 0.596 seconds (process running for 120.483)
2024-12-12T10:44:09.008-03:00  INFO 11028 --- [fidelity] [restartedMain] .ConditionEvaluationDeltaLoggingListener : Condition evaluation unchanged
2024-12-12T10:47:06.365-03:00  INFO 11028 --- [fidelity] [SpringApplicationShutdownHook] o.s.b.w.e.tomcat.GracefulShutdown        : Commencing graceful shutdown. Waiting for active requests to complete
2024-12-12T10:47:06.376-03:00  INFO 11028 --- [fidelity] [tomcat-shutdown] o.s.b.w.e.tomcat.GracefulShutdown        : Graceful shutdown complete
2024-12-12T10:47:10.227-03:00  INFO 15584 --- [fidelity] [restartedMain] b.edu.ufrn.fidelity.FidelityApplication  : Starting FidelityApplication using Java 21.0.4 with PID 15584 (C:\Users\vanes\OneDrive\Documentos\UFRN\Projetos\fidelity\build\classes\java\main started by vanes in C:\Users\vanes\OneDrive\Documentos\UFRN\Projetos\fidelity)
2024-12-12T10:47:10.231-03:00  INFO 15584 --- [fidelity] [restartedMain] b.edu.ufrn.fidelity.FidelityApplication  : No active profile set, falling back to 1 default profile: "default"
2024-12-12T10:47:10.311-03:00  INFO 15584 --- [fidelity] [restartedMain] .e.DevToolsPropertyDefaultsPostProcessor : Devtools property defaults active! Set 'spring.devtools.add-properties' to 'false' to disable
2024-12-12T10:47:10.311-03:00  INFO 15584 --- [fidelity] [restartedMain] .e.DevToolsPropertyDefaultsPostProcessor : For additional web related logging consider setting the 'logging.level.web' property to 'DEBUG'
2024-12-12T10:47:11.795-03:00  INFO 15584 --- [fidelity] [restartedMain] o.s.b.w.embedded.tomcat.TomcatWebServer  : Tomcat initialized with port 8080 (http)
2024-12-12T10:47:11.817-03:00  INFO 15584 --- [fidelity] [restartedMain] o.apache.catalina.core.StandardService   : Starting service [Tomcat]
2024-12-12T10:47:11.818-03:00  INFO 15584 --- [fidelity] [restartedMain] o.apache.catalina.core.StandardEngine    : Starting Servlet engine: [Apache Tomcat/10.1.33]
2024-12-12T10:47:11.887-03:00  INFO 15584 --- [fidelity] [restartedMain] o.a.c.c.C.[Tomcat].[localhost].[/]       : Initializing Spring embedded WebApplicationContext
2024-12-12T10:47:11.888-03:00  INFO 15584 --- [fidelity] [restartedMain] w.s.c.ServletWebServerApplicationContext : Root WebApplicationContext: initialization completed in 1576 ms
2024-12-12T10:47:12.384-03:00  INFO 15584 --- [fidelity] [restartedMain] o.s.b.d.a.OptionalLiveReloadServer       : LiveReload server is running on port 35729
2024-12-12T10:47:12.440-03:00  INFO 15584 --- [fidelity] [restartedMain] o.s.b.w.embedded.tomcat.TomcatWebServer  : Tomcat started on port 8080 (http) with context path '/'
2024-12-12T10:47:12.451-03:00  INFO 15584 --- [fidelity] [restartedMain] b.edu.ufrn.fidelity.FidelityApplication  : Started FidelityApplication in 2.952 seconds (process running for 3.99)
2024-12-12T10:47:30.761-03:00  INFO 15584 --- [fidelity] [http-nio-8080-exec-1] o.a.c.c.C.[Tomcat].[localhost].[/]       : Initializing Spring DispatcherServlet 'dispatcherServlet'
2024-12-12T10:47:30.762-03:00  INFO 15584 --- [fidelity] [http-nio-8080-exec-1] o.s.web.servlet.DispatcherServlet        : Initializing Servlet 'dispatcherServlet'
2024-12-12T10:47:30.764-03:00  INFO 15584 --- [fidelity] [http-nio-8080-exec-1] o.s.web.servlet.DispatcherServlet        : Completed initialization in 1 ms
2024-12-12T10:47:30.963-03:00  INFO 15584 --- [fidelity] [http-nio-8080-exec-1] b.e.ufrn.fidelity.service.BonusService   : O usuário de id 1 possui 10.0 de bônus
2024-12-12T10:48:05.075-03:00  INFO 15584 --- [fidelity] [http-nio-8080-exec-2] b.e.ufrn.fidelity.service.BonusService   : O usuário de id null possui 0.0 de bônus
2024-12-12T10:48:38.060-03:00  INFO 15584 --- [fidelity] [SpringApplicationShutdownHook] o.s.b.w.e.tomcat.GracefulShutdown        : Commencing graceful shutdown. Waiting for active requests to complete
2024-12-12T10:48:38.076-03:00  INFO 15584 --- [fidelity] [tomcat-shutdown] o.s.b.w.e.tomcat.GracefulShutdown        : Graceful shutdown complete
2024-12-12T10:48:43.212-03:00  INFO 15344 --- [fidelity] [restartedMain] b.edu.ufrn.fidelity.FidelityApplication  : Starting FidelityApplication using Java 21.0.4 with PID 15344 (C:\Users\vanes\OneDrive\Documentos\UFRN\Projetos\fidelity\build\classes\java\main started by vanes in C:\Users\vanes\OneDrive\Documentos\UFRN\Projetos\fidelity)
2024-12-12T10:48:43.212-03:00  INFO 15344 --- [fidelity] [restartedMain] b.edu.ufrn.fidelity.FidelityApplication  : No active profile set, falling back to 1 default profile: "default"
2024-12-12T10:48:43.335-03:00  INFO 15344 --- [fidelity] [restartedMain] .e.DevToolsPropertyDefaultsPostProcessor : Devtools property defaults active! Set 'spring.devtools.add-properties' to 'false' to disable
2024-12-12T10:48:43.342-03:00  INFO 15344 --- [fidelity] [restartedMain] .e.DevToolsPropertyDefaultsPostProcessor : For additional web related logging consider setting the 'logging.level.web' property to 'DEBUG'
2024-12-12T10:48:45.426-03:00  INFO 15344 --- [fidelity] [restartedMain] o.s.b.w.embedded.tomcat.TomcatWebServer  : Tomcat initialized with port 8080 (http)
2024-12-12T10:48:45.462-03:00  INFO 15344 --- [fidelity] [restartedMain] o.apache.catalina.core.StandardService   : Starting service [Tomcat]
2024-12-12T10:48:45.463-03:00  INFO 15344 --- [fidelity] [restartedMain] o.apache.catalina.core.StandardEngine    : Starting Servlet engine: [Apache Tomcat/10.1.33]
2024-12-12T10:48:45.548-03:00  INFO 15344 --- [fidelity] [restartedMain] o.a.c.c.C.[Tomcat].[localhost].[/]       : Initializing Spring embedded WebApplicationContext
2024-12-12T10:48:45.549-03:00  INFO 15344 --- [fidelity] [restartedMain] w.s.c.ServletWebServerApplicationContext : Root WebApplicationContext: initialization completed in 2207 ms
2024-12-12T10:48:46.224-03:00  INFO 15344 --- [fidelity] [restartedMain] o.s.b.d.a.OptionalLiveReloadServer       : LiveReload server is running on port 35729
2024-12-12T10:48:46.302-03:00  INFO 15344 --- [fidelity] [restartedMain] o.s.b.w.embedded.tomcat.TomcatWebServer  : Tomcat started on port 8080 (http) with context path '/'
2024-12-12T10:48:46.315-03:00  INFO 15344 --- [fidelity] [restartedMain] b.edu.ufrn.fidelity.FidelityApplication  : Started FidelityApplication in 4.126 seconds (process running for 6.383)
2024-12-12T10:48:55.041-03:00  INFO 15344 --- [fidelity] [http-nio-8080-exec-1] o.a.c.c.C.[Tomcat].[localhost].[/]       : Initializing Spring DispatcherServlet 'dispatcherServlet'
2024-12-12T10:48:55.041-03:00  INFO 15344 --- [fidelity] [http-nio-8080-exec-1] o.s.web.servlet.DispatcherServlet        : Initializing Servlet 'dispatcherServlet'
2024-12-12T10:48:55.041-03:00  INFO 15344 --- [fidelity] [http-nio-8080-exec-1] o.s.web.servlet.DispatcherServlet        : Completed initialization in 0 ms
2024-12-12T10:49:07.481-03:00  INFO 15344 --- [fidelity] [http-nio-8080-exec-1] b.e.ufrn.fidelity.service.BonusService   : O usuário de id null possui 0.0 de bônus
2024-12-12T10:49:07.528-03:00  INFO 15344 --- [fidelity] [SpringApplicationShutdownHook] o.s.b.w.e.tomcat.GracefulShutdown        : Commencing graceful shutdown. Waiting for active requests to complete
2024-12-12T10:49:07.545-03:00  INFO 15344 --- [fidelity] [tomcat-shutdown] o.s.b.w.e.tomcat.GracefulShutdown        : Graceful shutdown complete
2024-12-12T10:49:46.523-03:00  INFO 11608 --- [fidelity] [restartedMain] b.edu.ufrn.fidelity.FidelityApplication  : Starting FidelityApplication using Java 21.0.4 with PID 11608 (C:\Users\vanes\OneDrive\Documentos\UFRN\Projetos\fidelity\build\classes\java\main started by vanes in C:\Users\vanes\OneDrive\Documentos\UFRN\Projetos\fidelity)
2024-12-12T10:49:46.527-03:00  INFO 11608 --- [fidelity] [restartedMain] b.edu.ufrn.fidelity.FidelityApplication  : No active profile set, falling back to 1 default profile: "default"
2024-12-12T10:49:46.609-03:00  INFO 11608 --- [fidelity] [restartedMain] .e.DevToolsPropertyDefaultsPostProcessor : Devtools property defaults active! Set 'spring.devtools.add-properties' to 'false' to disable
2024-12-12T10:49:46.610-03:00  INFO 11608 --- [fidelity] [restartedMain] .e.DevToolsPropertyDefaultsPostProcessor : For additional web related logging consider setting the 'logging.level.web' property to 'DEBUG'
2024-12-12T10:49:48.150-03:00  INFO 11608 --- [fidelity] [restartedMain] o.s.b.w.embedded.tomcat.TomcatWebServer  : Tomcat initialized with port 8080 (http)
2024-12-12T10:49:48.180-03:00  INFO 11608 --- [fidelity] [restartedMain] o.apache.catalina.core.StandardService   : Starting service [Tomcat]
2024-12-12T10:49:48.181-03:00  INFO 11608 --- [fidelity] [restartedMain] o.apache.catalina.core.StandardEngine    : Starting Servlet engine: [Apache Tomcat/10.1.33]
2024-12-12T10:49:48.276-03:00  INFO 11608 --- [fidelity] [restartedMain] o.a.c.c.C.[Tomcat].[localhost].[/]       : Initializing Spring embedded WebApplicationContext
2024-12-12T10:49:48.278-03:00  INFO 11608 --- [fidelity] [restartedMain] w.s.c.ServletWebServerApplicationContext : Root WebApplicationContext: initialization completed in 1667 ms
2024-12-12T10:49:48.831-03:00  INFO 11608 --- [fidelity] [restartedMain] o.s.b.d.a.OptionalLiveReloadServer       : LiveReload server is running on port 35729
2024-12-12T10:49:48.892-03:00  INFO 11608 --- [fidelity] [restartedMain] o.s.b.w.embedded.tomcat.TomcatWebServer  : Tomcat started on port 8080 (http) with context path '/'
2024-12-12T10:49:48.904-03:00  INFO 11608 --- [fidelity] [restartedMain] b.edu.ufrn.fidelity.FidelityApplication  : Started FidelityApplication in 3.115 seconds (process running for 4.141)
2024-12-12T10:50:04.225-03:00  INFO 11608 --- [fidelity] [http-nio-8080-exec-1] o.a.c.c.C.[Tomcat].[localhost].[/]       : Initializing Spring DispatcherServlet 'dispatcherServlet'
2024-12-12T10:50:04.226-03:00  INFO 11608 --- [fidelity] [http-nio-8080-exec-1] o.s.web.servlet.DispatcherServlet        : Initializing Servlet 'dispatcherServlet'
2024-12-12T10:50:04.228-03:00  INFO 11608 --- [fidelity] [http-nio-8080-exec-1] o.s.web.servlet.DispatcherServlet        : Completed initialization in 2 ms
2024-12-12T10:50:04.423-03:00 ERROR 11608 --- [fidelity] [http-nio-8080-exec-1] b.e.ufrn.fidelity.service.BonusService   : Bonus request is null
2024-12-12T10:51:23.121-03:00  INFO 11608 --- [fidelity] [File Watcher] rtingClassPathChangeChangedEventListener : Restarting due to 2 class path changes (0 additions, 0 deletions, 2 modifications)
2024-12-12T10:51:23.128-03:00  INFO 11608 --- [fidelity] [Thread-5] o.s.b.w.e.tomcat.GracefulShutdown        : Commencing graceful shutdown. Waiting for active requests to complete
2024-12-12T10:51:23.138-03:00  INFO 11608 --- [fidelity] [tomcat-shutdown] o.s.b.w.e.tomcat.GracefulShutdown        : Graceful shutdown complete
2024-12-12T10:51:23.277-03:00  INFO 11608 --- [fidelity] [restartedMain] b.edu.ufrn.fidelity.FidelityApplication  : Starting FidelityApplication using Java 21.0.4 with PID 11608 (C:\Users\vanes\OneDrive\Documentos\UFRN\Projetos\fidelity\build\classes\java\main started by vanes in C:\Users\vanes\OneDrive\Documentos\UFRN\Projetos\fidelity)
2024-12-12T10:51:23.277-03:00  INFO 11608 --- [fidelity] [restartedMain] b.edu.ufrn.fidelity.FidelityApplication  : No active profile set, falling back to 1 default profile: "default"
2024-12-12T10:51:23.652-03:00  INFO 11608 --- [fidelity] [restartedMain] o.s.b.w.embedded.tomcat.TomcatWebServer  : Tomcat initialized with port 8080 (http)
2024-12-12T10:51:23.653-03:00  INFO 11608 --- [fidelity] [restartedMain] o.apache.catalina.core.StandardService   : Starting service [Tomcat]
2024-12-12T10:51:23.654-03:00  INFO 11608 --- [fidelity] [restartedMain] o.apache.catalina.core.StandardEngine    : Starting Servlet engine: [Apache Tomcat/10.1.33]
2024-12-12T10:51:23.682-03:00  INFO 11608 --- [fidelity] [restartedMain] o.a.c.c.C.[Tomcat].[localhost].[/]       : Initializing Spring embedded WebApplicationContext
2024-12-12T10:51:23.682-03:00  INFO 11608 --- [fidelity] [restartedMain] w.s.c.ServletWebServerApplicationContext : Root WebApplicationContext: initialization completed in 400 ms
2024-12-12T10:51:23.795-03:00  INFO 11608 --- [fidelity] [restartedMain] o.s.b.d.a.OptionalLiveReloadServer       : LiveReload server is running on port 35729
2024-12-12T10:51:23.810-03:00  INFO 11608 --- [fidelity] [restartedMain] o.s.b.w.embedded.tomcat.TomcatWebServer  : Tomcat started on port 8080 (http) with context path '/'
2024-12-12T10:51:23.815-03:00  INFO 11608 --- [fidelity] [restartedMain] b.edu.ufrn.fidelity.FidelityApplication  : Started FidelityApplication in 0.593 seconds (process running for 99.051)
2024-12-12T10:51:23.818-03:00  INFO 11608 --- [fidelity] [restartedMain] .ConditionEvaluationDeltaLoggingListener : Condition evaluation unchanged
2024-12-12T11:10:23.759-03:00  INFO 11608 --- [fidelity] [SpringApplicationShutdownHook] o.s.b.w.e.tomcat.GracefulShutdown        : Commencing graceful shutdown. Waiting for active requests to complete
2024-12-12T11:10:23.772-03:00  INFO 11608 --- [fidelity] [tomcat-shutdown] o.s.b.w.e.tomcat.GracefulShutdown        : Graceful shutdown complete
